d:\hl workspace\rehl\dep\fakevgui\release\vc140.pdb
d:\hl workspace\rehl\dep\fakevgui\release\surfacebase.obj
d:\hl workspace\rehl\dep\fakevgui\release\source.obj
d:\hl workspace\rehl\dep\fakevgui\release\scheme.obj
d:\hl workspace\rehl\dep\fakevgui\release\panel.obj
d:\hl workspace\rehl\dep\fakevgui\release\inputstream.obj
d:\hl workspace\rehl\dep\fakevgui\release\image.obj
d:\hl workspace\rehl\dep\fakevgui\release\app.obj
d:\hl workspace\rehl\dep\fakevgui\build\vgui.lib
d:\hl workspace\rehl\dep\fakevgui\build\vgui.exp
d:\hl workspace\rehl\dep\fakevgui\build\vgui.dll
d:\hl workspace\rehl\dep\fakevgui\build\vgui.ipdb
d:\hl workspace\rehl\dep\fakevgui\build\vgui.iobj
d:\hl workspace\rehl\dep\fakevgui\build\vgui.pdb
d:\hl workspace\rehl\dep\fakevgui\release\fakevgui.tlog\cl.command.1.tlog
d:\hl workspace\rehl\dep\fakevgui\release\fakevgui.tlog\cl.read.1.tlog
d:\hl workspace\rehl\dep\fakevgui\release\fakevgui.tlog\cl.write.1.tlog
d:\hl workspace\rehl\dep\fakevgui\release\fakevgui.tlog\fakevgui.write.1u.tlog
d:\hl workspace\rehl\dep\fakevgui\release\fakevgui.tlog\link.command.1.tlog
d:\hl workspace\rehl\dep\fakevgui\release\fakevgui.tlog\link.read.1.tlog
d:\hl workspace\rehl\dep\fakevgui\release\fakevgui.tlog\link.write.1.tlog
