d:\hl workspace\rehl.old\rehl\msvc\release\vc140.pdb
d:\hl workspace\rehl.old\rehl\msvc\release\blob.obj
d:\hl workspace\rehl.old\rehl\msvc\release\tooltip.obj
d:\hl workspace\rehl.old\rehl\msvc\release\systemwrapper.obj
d:\hl workspace\rehl.old\rehl\msvc\release\sequence.obj
d:\hl workspace\rehl.old\rehl\msvc\release\mixercontrols.obj
d:\hl workspace\rehl.old\rehl\msvc\release\keyvalues.obj
d:\hl workspace\rehl.old\rehl\msvc\release\keycode.obj
d:\hl workspace\rehl.old\rehl\msvc\release\fonttexturecache.obj
d:\hl workspace\rehl.old\rehl\msvc\release\fontmanager.obj
d:\hl workspace\rehl.old\rehl\msvc\release\fontamalgma.obj
d:\hl workspace\rehl.old\rehl\msvc\release\enginesurfacewrap.obj
d:\hl workspace\rehl.old\rehl\msvc\release\enginesurface.obj
d:\hl workspace\rehl.old\rehl\msvc\release\demoplayerwrapper.obj
d:\hl workspace\rehl.old\rehl\msvc\release\baseuisurface.obj
d:\hl workspace\rehl.old\rehl\msvc\release\baseui.obj
d:\hl workspace\rehl.old\rehl\msvc\release\net_api.obj
d:\hl workspace\rehl.old\rehl\msvc\release\tokenline.obj
d:\hl workspace\rehl.old\rehl\msvc\release\objectlist.obj
d:\hl workspace\rehl.old\rehl\msvc\release\basesystemmodule.obj
d:\hl workspace\rehl.old\rehl\msvc\release\linuxfont.obj
d:\hl workspace\rehl.old\rehl\msvc\release\console.obj
d:\hl workspace\rehl.old\rehl\msvc\release\common.obj
d:\hl workspace\rehl.old\rehl\msvc\release\com_custom.obj
d:\hl workspace\rehl.old\rehl\msvc\release\cmodel.obj
d:\hl workspace\rehl.old\rehl\msvc\release\cmd.obj
d:\hl workspace\rehl.old\rehl\msvc\release\cl_tent.obj
d:\hl workspace\rehl.old\rehl\msvc\release\cl_spectator.obj
d:\hl workspace\rehl.old\rehl\msvc\release\cl_pred.obj
d:\hl workspace\rehl.old\rehl\msvc\release\cl_pmove.obj
d:\hl workspace\rehl.old\rehl\msvc\release\cl_parsefn.obj
d:\hl workspace\rehl.old\rehl\msvc\release\cl_null.obj
d:\hl workspace\rehl.old\rehl\msvc\release\cl_main.obj
d:\hl workspace\rehl.old\rehl\msvc\release\cl_ents.obj
d:\hl workspace\rehl.old\rehl\msvc\release\cl_draw.obj
d:\hl workspace\rehl.old\rehl\msvc\release\cl_demo.obj
d:\hl workspace\rehl.old\rehl\msvc\release\chase.obj
d:\hl workspace\rehl.old\rehl\msvc\release\cdll_int.obj
d:\hl workspace\rehl.old\rehl\msvc\release\cdll_exp.obj
d:\hl workspace\rehl.old\rehl\msvc\release\cd.obj
d:\hl workspace\rehl.old\rehl\msvc\release\buildnum.obj
d:\hl workspace\rehl.old\rehl\msvc\release\hooker.obj
d:\hl workspace\rehl.old\rehl\msvc\release\hashpak.obj
d:\hl workspace\rehl.old\rehl\msvc\release\gl_warp.obj
d:\hl workspace\rehl.old\rehl\msvc\release\gl_vidnt.obj
d:\hl workspace\rehl.old\rehl\msvc\release\gl_screen.obj
d:\hl workspace\rehl.old\rehl\msvc\release\gl_rsuf.obj
d:\hl workspace\rehl.old\rehl\msvc\release\gl_rmisc.obj
d:\hl workspace\rehl.old\rehl\msvc\release\gl_main.obj
d:\hl workspace\rehl.old\rehl\msvc\release\gl_hud.obj
d:\hl workspace\rehl.old\rehl\msvc\release\gl_draw.obj
d:\hl workspace\rehl.old\rehl\msvc\release\filesystem_internal.obj
d:\hl workspace\rehl.old\rehl\msvc\release\filesystem.obj
d:\hl workspace\rehl.old\rehl\msvc\release\event_api.obj
d:\hl workspace\rehl.old\rehl\msvc\release\ed_strpool.obj
d:\hl workspace\rehl.old\rehl\msvc\release\detail_texture.obj
d:\hl workspace\rehl.old\rehl\msvc\release\delta_jit.obj
d:\hl workspace\rehl.old\rehl\msvc\release\delta.obj
d:\hl workspace\rehl.old\rehl\msvc\release\decals.obj
d:\hl workspace\rehl.old\rehl\msvc\release\cvar.obj
d:\hl workspace\rehl.old\rehl\msvc\release\crc.obj
d:\hl workspace\rehl.old\rehl\msvc\release\r_efx.obj
d:\hl workspace\rehl.old\rehl\msvc\release\public_amalgamation.obj
d:\hl workspace\rehl.old\rehl\msvc\release\pr_edict.obj
d:\hl workspace\rehl.old\rehl\msvc\release\pr_cmds.obj
d:\hl workspace\rehl.old\rehl\msvc\release\pmovetst.obj
d:\hl workspace\rehl.old\rehl\msvc\release\pmove.obj
d:\hl workspace\rehl.old\rehl\msvc\release\net_ws.obj
d:\hl workspace\rehl.old\rehl\msvc\release\net_chan.obj
d:\hl workspace\rehl.old\rehl\msvc\release\module.obj
d:\hl workspace\rehl.old\rehl\msvc\release\model.obj
d:\hl workspace\rehl.old\rehl\msvc\release\mem.obj
d:\hl workspace\rehl.old\rehl\msvc\release\md5.obj
d:\hl workspace\rehl.old\rehl\msvc\release\mathlib_sse.obj
d:\hl workspace\rehl.old\rehl\msvc\release\mathlib.obj
d:\hl workspace\rehl.old\rehl\msvc\release\l_studio.obj
d:\hl workspace\rehl.old\rehl\msvc\release\keys.obj
d:\hl workspace\rehl.old\rehl\msvc\release\ipratelimit.obj
d:\hl workspace\rehl.old\rehl\msvc\release\info.obj
d:\hl workspace\rehl.old\rehl\msvc\release\host_cmd.obj
d:\hl workspace\rehl.old\rehl\msvc\release\host.obj
d:\hl workspace\rehl.old\rehl\msvc\release\sys_linuxwind.obj
d:\hl workspace\rehl.old\rehl\msvc\release\sys_getmodes.obj
d:\hl workspace\rehl.old\rehl\msvc\release\sys_engine.obj
d:\hl workspace\rehl.old\rehl\msvc\release\sys_dll2.obj
d:\hl workspace\rehl.old\rehl\msvc\release\sys_dll.obj
d:\hl workspace\rehl.old\rehl\msvc\release\sv_user.obj
d:\hl workspace\rehl.old\rehl\msvc\release\sv_upld.obj
d:\hl workspace\rehl.old\rehl\msvc\release\sv_steam3.obj
d:\hl workspace\rehl.old\rehl\msvc\release\sv_remoteaccess.obj
d:\hl workspace\rehl.old\rehl\msvc\release\sv_pmove.obj
d:\hl workspace\rehl.old\rehl\msvc\release\sv_phys.obj
d:\hl workspace\rehl.old\rehl\msvc\release\sv_move.obj
d:\hl workspace\rehl.old\rehl\msvc\release\sv_main.obj
d:\hl workspace\rehl.old\rehl\msvc\release\sv_log.obj
d:\hl workspace\rehl.old\rehl\msvc\release\sse_mathfun.obj
d:\hl workspace\rehl.old\rehl\msvc\release\snd_null.obj
d:\hl workspace\rehl.old\rehl\msvc\release\snd_mix.obj
d:\hl workspace\rehl.old\rehl\msvc\release\r_triangle.obj
d:\hl workspace\rehl.old\rehl\msvc\release\r_studio.obj
d:\hl workspace\rehl.old\rehl\msvc\release\r_part.obj
d:\hl workspace\rehl.old\rehl\msvc\release\rehldsruntimeconfig.obj
d:\hl workspace\rehl.old\rehl\msvc\release\flightrecorderimpl.obj
d:\hl workspace\rehl.old\rehl\msvc\release\utlsymbol.obj
d:\hl workspace\rehl.old\rehl\msvc\release\utlbuffer.obj
d:\hl workspace\rehl.old\rehl\msvc\release\dbg.obj
d:\hl workspace\rehl.old\rehl\msvc\release\steamid.obj
d:\hl workspace\rehl.old\rehl\msvc\release\registry.obj
d:\hl workspace\rehl.old\rehl\msvc\release\qgl.obj
d:\hl workspace\rehl.old\rehl\msvc\release\zone.obj
d:\hl workspace\rehl.old\rehl\msvc\release\world.obj
d:\hl workspace\rehl.old\rehl\msvc\release\wad.obj
d:\hl workspace\rehl.old\rehl\msvc\release\voice.obj
d:\hl workspace\rehl.old\rehl\msvc\release\view.obj
d:\hl workspace\rehl.old\rehl\msvc\release\vid_null.obj
d:\hl workspace\rehl.old\rehl\msvc\release\vgui_init.obj
d:\hl workspace\rehl.old\rehl\msvc\release\unicode_strtools.obj
d:\hl workspace\rehl.old\rehl\msvc\release\traceinit.obj
d:\hl workspace\rehl.old\rehl\msvc\release\tmessage.obj
d:\hl workspace\rehl.old\rehl\msvc\release\thread.obj
d:\hl workspace\rehl.old\rehl\msvc\release\textures.obj
d:\hl workspace\rehl.old\rehl\msvc\release\buildgroup.obj
d:\hl workspace\rehl.old\rehl\msvc\release\vgui_controls.obj
d:\hl workspace\rehl.old\rehl\msvc\release\panel.obj
d:\hl workspace\rehl.old\rehl\msvc\release\focusnavgroup.obj
d:\hl workspace\rehl.old\rehl\msvc\release\editablepanel.obj
d:\hl workspace\rehl.old\rehl\msvc\release\testsuite.obj
d:\hl workspace\rehl.old\rehl\msvc\release\recorder.obj
d:\hl workspace\rehl.old\rehl\msvc\release\player.obj
d:\hl workspace\rehl.old\rehl\msvc\release\memory.obj
d:\hl workspace\rehl.old\rehl\msvc\release\funccalls.obj
d:\hl workspace\rehl.old\rehl\msvc\release\anonymizer.obj
d:\hl workspace\rehl.old\rehl\msvc\release\text_draw.obj
d:\hl workspace\rehl.old\rehl\msvc\release\structsizecheck.obj
d:\hl workspace\rehl.old\rehl\msvc\release\rehlds_security.obj
d:\hl workspace\rehl.old\rehl\msvc\release\rehlds_interfaces_impl.obj
d:\hl workspace\rehl.old\rehl\msvc\release\rehlds_api_impl.obj
d:\hl workspace\rehl.old\rehl\msvc\release\platform.obj
d:\hl workspace\rehl.old\rehl\msvc\release\main.obj
d:\hl workspace\rehl.old\rehl\msvc\release\hookchains_impl.obj
d:\hl workspace\rehl.old\rehl\msvc\release\flight_recorder.obj
d:\hl workspace\rehl.old\rehl\msvc\release\studio_api.obj
d:\hl workspace\rehl.old\rehl\msvc\release\hw.pch
d:\hl workspace\rehl.old\rehl\msvc\release\precompiled.obj
d:\hl workspace\rehl\rehl\msvc\release\hw.pch
d:\hl workspace\rehl\rehl\msvc\release\vc140.pdb
d:\hl workspace\rehl\rehl\msvc\release\precompiled.obj
d:\hl workspace\rehl\rehl\msvc\release\cl_pred.obj
d:\hl workspace\rehl\rehl\msvc\release\cl_pmove.obj
d:\hl workspace\rehl\rehl\msvc\release\cl_parsefn.obj
d:\hl workspace\rehl\rehl\msvc\release\cl_null.obj
d:\hl workspace\rehl\rehl\msvc\release\cl_main.obj
d:\hl workspace\rehl\rehl\msvc\release\cl_ents.obj
d:\hl workspace\rehl\rehl\msvc\release\cl_draw.obj
d:\hl workspace\rehl\rehl\msvc\release\cl_demo.obj
d:\hl workspace\rehl\rehl\msvc\release\chase.obj
d:\hl workspace\rehl\rehl\msvc\release\cdll_int.obj
d:\hl workspace\rehl\rehl\msvc\release\cdll_exp.obj
d:\hl workspace\rehl\rehl\msvc\release\cd.obj
d:\hl workspace\rehl\rehl\msvc\release\buildnum.obj
d:\hl workspace\rehl\rehl\msvc\release\blob.obj
d:\hl workspace\rehl\rehl\msvc\release\baseuisurface.obj
d:\hl workspace\rehl\rehl\msvc\release\baseui.obj
d:\hl workspace\rehl\rehl\msvc\release\tokenline.obj
d:\hl workspace\rehl\rehl\msvc\release\objectlist.obj
d:\hl workspace\rehl\rehl\msvc\release\net_api.obj
d:\hl workspace\rehl\rehl\msvc\release\basesystemmodule.obj
d:\hl workspace\rehl\rehl\msvc\release\filesystem_internal.obj
d:\hl workspace\rehl\rehl\msvc\release\filesystem.obj
d:\hl workspace\rehl\rehl\msvc\release\event_api.obj
d:\hl workspace\rehl\rehl\msvc\release\enginesurfacewrap.obj
d:\hl workspace\rehl\rehl\msvc\release\enginesurface.obj
d:\hl workspace\rehl\rehl\msvc\release\ed_strpool.obj
d:\hl workspace\rehl\rehl\msvc\release\detail_texture.obj
d:\hl workspace\rehl\rehl\msvc\release\demoplayerwrapper.obj
d:\hl workspace\rehl\rehl\msvc\release\delta_jit.obj
d:\hl workspace\rehl\rehl\msvc\release\delta.obj
d:\hl workspace\rehl\rehl\msvc\release\decals.obj
d:\hl workspace\rehl\rehl\msvc\release\cvar.obj
d:\hl workspace\rehl\rehl\msvc\release\crc.obj
d:\hl workspace\rehl\rehl\msvc\release\console.obj
d:\hl workspace\rehl\rehl\msvc\release\com_custom.obj
d:\hl workspace\rehl\rehl\msvc\release\common.obj
d:\hl workspace\rehl\rehl\msvc\release\cmodel.obj
d:\hl workspace\rehl\rehl\msvc\release\cmd.obj
d:\hl workspace\rehl\rehl\msvc\release\cl_tent.obj
d:\hl workspace\rehl\rehl\msvc\release\cl_spectator.obj
d:\hl workspace\rehl\rehl\msvc\release\keyvalues.obj
d:\hl workspace\rehl\rehl\msvc\release\keys.obj
d:\hl workspace\rehl\rehl\msvc\release\keycode.obj
d:\hl workspace\rehl\rehl\msvc\release\ipratelimit.obj
d:\hl workspace\rehl\rehl\msvc\release\info.obj
d:\hl workspace\rehl\rehl\msvc\release\host_cmd.obj
d:\hl workspace\rehl\rehl\msvc\release\host.obj
d:\hl workspace\rehl\rehl\msvc\release\hooker.obj
d:\hl workspace\rehl\rehl\msvc\release\hashpak.obj
d:\hl workspace\rehl\rehl\msvc\release\gl_warp.obj
d:\hl workspace\rehl\rehl\msvc\release\gl_vidnt.obj
d:\hl workspace\rehl\rehl\msvc\release\gl_screen.obj
d:\hl workspace\rehl\rehl\msvc\release\gl_rsuf.obj
d:\hl workspace\rehl\rehl\msvc\release\gl_rmisc.obj
d:\hl workspace\rehl\rehl\msvc\release\gl_main.obj
d:\hl workspace\rehl\rehl\msvc\release\gl_hud.obj
d:\hl workspace\rehl\rehl\msvc\release\gl_draw.obj
d:\hl workspace\rehl\rehl\msvc\release\fonttexturecache.obj
d:\hl workspace\rehl\rehl\msvc\release\fontmanager.obj
d:\hl workspace\rehl\rehl\msvc\release\fontamalgma.obj
d:\hl workspace\rehl\rehl\msvc\release\r_triangle.obj
d:\hl workspace\rehl\rehl\msvc\release\r_studio.obj
d:\hl workspace\rehl\rehl\msvc\release\r_part.obj
d:\hl workspace\rehl\rehl\msvc\release\r_efx.obj
d:\hl workspace\rehl\rehl\msvc\release\public_amalgamation.obj
d:\hl workspace\rehl\rehl\msvc\release\pr_edict.obj
d:\hl workspace\rehl\rehl\msvc\release\pr_cmds.obj
d:\hl workspace\rehl\rehl\msvc\release\pmovetst.obj
d:\hl workspace\rehl\rehl\msvc\release\pmove.obj
d:\hl workspace\rehl\rehl\msvc\release\net_ws.obj
d:\hl workspace\rehl\rehl\msvc\release\net_chan.obj
d:\hl workspace\rehl\rehl\msvc\release\module.obj
d:\hl workspace\rehl\rehl\msvc\release\model.obj
d:\hl workspace\rehl\rehl\msvc\release\mixercontrols.obj
d:\hl workspace\rehl\rehl\msvc\release\mem.obj
d:\hl workspace\rehl\rehl\msvc\release\md5.obj
d:\hl workspace\rehl\rehl\msvc\release\mathlib_sse.obj
d:\hl workspace\rehl\rehl\msvc\release\mathlib.obj
d:\hl workspace\rehl\rehl\msvc\release\l_studio.obj
d:\hl workspace\rehl\rehl\msvc\release\linuxfont.obj
d:\hl workspace\rehl\rehl\msvc\release\textures.obj
d:\hl workspace\rehl\rehl\msvc\release\sys_linuxwind.obj
d:\hl workspace\rehl\rehl\msvc\release\sys_getmodes.obj
d:\hl workspace\rehl\rehl\msvc\release\sys_engine.obj
d:\hl workspace\rehl\rehl\msvc\release\sys_dll2.obj
d:\hl workspace\rehl\rehl\msvc\release\sys_dll.obj
d:\hl workspace\rehl\rehl\msvc\release\systemwrapper.obj
d:\hl workspace\rehl\rehl\msvc\release\sv_user.obj
d:\hl workspace\rehl\rehl\msvc\release\sv_upld.obj
d:\hl workspace\rehl\rehl\msvc\release\sv_steam3.obj
d:\hl workspace\rehl\rehl\msvc\release\sv_remoteaccess.obj
d:\hl workspace\rehl\rehl\msvc\release\sv_pmove.obj
d:\hl workspace\rehl\rehl\msvc\release\sv_phys.obj
d:\hl workspace\rehl\rehl\msvc\release\sv_move.obj
d:\hl workspace\rehl\rehl\msvc\release\sv_main.obj
d:\hl workspace\rehl\rehl\msvc\release\sv_log.obj
d:\hl workspace\rehl\rehl\msvc\release\sse_mathfun.obj
d:\hl workspace\rehl\rehl\msvc\release\snd_null.obj
d:\hl workspace\rehl\rehl\msvc\release\snd_mix.obj
d:\hl workspace\rehl\rehl\msvc\release\sequence.obj
d:\hl workspace\rehl\rehl\msvc\release\flight_recorder.obj
d:\hl workspace\rehl\rehl\msvc\release\flightrecorderimpl.obj
d:\hl workspace\rehl\rehl\msvc\release\utlsymbol.obj
d:\hl workspace\rehl\rehl\msvc\release\utlbuffer.obj
d:\hl workspace\rehl\rehl\msvc\release\dbg.obj
d:\hl workspace\rehl\rehl\msvc\release\steamid.obj
d:\hl workspace\rehl\rehl\msvc\release\registry.obj
d:\hl workspace\rehl\rehl\msvc\release\qgl.obj
d:\hl workspace\rehl\rehl\msvc\release\zone.obj
d:\hl workspace\rehl\rehl\msvc\release\world.obj
d:\hl workspace\rehl\rehl\msvc\release\wad.obj
d:\hl workspace\rehl\rehl\msvc\release\voice.obj
d:\hl workspace\rehl\rehl\msvc\release\view.obj
d:\hl workspace\rehl\rehl\msvc\release\vid_null.obj
d:\hl workspace\rehl\rehl\msvc\release\vgui_init.obj
d:\hl workspace\rehl\rehl\msvc\release\unicode_strtools.obj
d:\hl workspace\rehl\rehl\msvc\release\traceinit.obj
d:\hl workspace\rehl\rehl\msvc\release\tooltip.obj
d:\hl workspace\rehl\rehl\msvc\release\tmessage.obj
d:\hl workspace\rehl\rehl\msvc\release\thread.obj
d:\hl workspace\rehl\rehl\msvc\release\buildgroup.obj
d:\hl workspace\rehl\rehl\msvc\release\vgui_controls.obj
d:\hl workspace\rehl\rehl\msvc\release\panel.obj
d:\hl workspace\rehl\rehl\msvc\release\focusnavgroup.obj
d:\hl workspace\rehl\rehl\msvc\release\editablepanel.obj
d:\hl workspace\rehl\rehl\msvc\release\testsuite.obj
d:\hl workspace\rehl\rehl\msvc\release\recorder.obj
d:\hl workspace\rehl\rehl\msvc\release\player.obj
d:\hl workspace\rehl\rehl\msvc\release\memory.obj
d:\hl workspace\rehl\rehl\msvc\release\funccalls.obj
d:\hl workspace\rehl\rehl\msvc\release\anonymizer.obj
d:\hl workspace\rehl\rehl\msvc\release\text_draw.obj
d:\hl workspace\rehl\rehl\msvc\release\structsizecheck.obj
d:\hl workspace\rehl\rehl\msvc\release\rehlds_security.obj
d:\hl workspace\rehl\rehl\msvc\release\rehldsruntimeconfig.obj
d:\hl workspace\rehl\rehl\msvc\release\platform.obj
d:\hl workspace\rehl\rehl\msvc\release\hookchains_impl.obj
d:\hl workspace\rehl\rehl\msvc\release\rehlds_interfaces_impl.obj
d:\hl workspace\rehl\rehl\msvc\release\rehlds_api_impl.obj
d:\hl workspace\rehl\rehl\msvc\release\main.obj
d:\hl workspace\rehl\rehl\msvc\release\studio_api.obj
d:\hl workspace\half life build 8648\hw.dll
d:\hl workspace\half life build 8648\hw.ipdb
d:\hl workspace\half life build 8648\hw.iobj
d:\hl workspace\half life build 8648\hw.pdb
d:\hl workspace\half life build 8648\hw.lib
d:\hl workspace\half life build 8648\hw.exp
d:\hl workspace\rehl.old\rehl\msvc\build.always.run
d:\hl workspace\rehl\rehl\msvc\release\rehlds.vcxprojresolveassemblyreference.cache
d:\hl workspace\rehl\rehl\msvc\release\cl_custom.obj
d:\hl workspace\rehl\rehl\msvc\release\rehl.tlog\cl.command.1.tlog
d:\hl workspace\rehl\rehl\msvc\release\rehl.tlog\cl.read.1.tlog
d:\hl workspace\rehl\rehl\msvc\release\rehl.tlog\cl.write.1.tlog
d:\hl workspace\rehl\rehl\msvc\release\rehl.tlog\link.command.1.tlog
d:\hl workspace\rehl\rehl\msvc\release\rehl.tlog\link.read.1.tlog
d:\hl workspace\rehl\rehl\msvc\release\rehl.tlog\link.write.1.tlog
d:\hl workspace\rehl\rehl\msvc\release\rehl.tlog\rehl.write.1u.tlog
