C:\Program Files (x86)\MSBuild\Microsoft.Cpp\v4.0\V140\Microsoft.CppBuild.targets(368,5): warning MSB8004: Output Directory does not end with a trailing slash.  This build instance will add the slash as it is required to allow proper evaluation of the Output Directory.
  precompiled.cpp
D:\HL Workspace\ReHL\rehl\public\strtools.h(69): warning C4229: anachronism used: modifiers on data are ignored
D:\HL Workspace\ReHL\rehl\engine\mem.h(42): warning C4595: 'operator new': non-member operator new or delete functions may not be declared inline
D:\HL Workspace\ReHL\rehl\engine\mem.h(47): warning C4595: 'operator delete': non-member operator new or delete functions may not be declared inline
D:\HL Workspace\ReHL\rehl\metamod\include\../../../dep/FakeVGUI/SurfaceBase.h(84): warning C4251: 'vgui::SurfaceBase::_modeInfoDar': class 'vgui::Dar<char *>' needs to have dll-interface to be used by clients of class 'vgui::SurfaceBase'
  D:\HL Workspace\ReHL\rehl\metamod\include\../../../dep/FakeVGUI/SurfaceBase.h(84): note: see declaration of 'vgui::Dar<char *>'
  BaseSystemModule.cpp
  net_api.cpp
  ObjectList.cpp
  TokenLine.cpp
  BaseUI.cpp
d:\hl workspace\rehl\rehl\engine\IHTMLChromeController.h(13): warning C4091: 'typedef ': ignored on left of 'HTMLCommandBuffer_t' when no variable is declared
  BaseUISurface.cpp
d:\hl workspace\rehl\rehl\engine\IHTMLChromeController.h(13): warning C4091: 'typedef ': ignored on left of 'HTMLCommandBuffer_t' when no variable is declared
  blob.cpp
  buildnum.cpp
  cd.cpp
  cdll_exp.cpp
  cdll_int.cpp
  chase.cpp
  cl_demo.cpp
  cl_draw.cpp
..\engine\cl_draw.cpp(81): warning C4390: ';': empty controlled statement found; is this the intent?
  cl_ents.cpp
  cl_main.cpp
..\engine\cl_main.cpp(649): warning C4800: 'qboolean': forcing value to bool 'true' or 'false' (performance warning)
..\engine\cl_main.cpp(724): warning C4554: '&': check operator precedence for possible error; use parentheses to clarify precedence
..\engine\cl_main.cpp(732): warning C4018: '<': signed/unsigned mismatch
..\engine\cl_main.cpp(629): warning C4101: 'random_seed': unreferenced local variable
  cl_null.cpp
  cl_parsefn.cpp
  cl_pmove.cpp
  cl_pred.cpp
  Compiling...
  cl_spectator.cpp
  cl_tent.cpp
..\engine\cl_tent.cpp(571): warning C4101: 'iVar3': unreferenced local variable
  cmd.cpp
  cmodel.cpp
  common.cpp
  com_custom.cpp
  console.cpp
  crc.cpp
  cvar.cpp
  decals.cpp
  delta.cpp
  delta_jit.cpp
  DemoPlayerWrapper.cpp
..\engine\DemoPlayerWrapper.cpp(13): warning C4800: 'int': forcing value to bool 'true' or 'false' (performance warning)
  detail_texture.cpp
  ed_strpool.cpp
  EngineSurface.cpp
  EngineSurfaceWrap.cpp
D:\HL Workspace\ReHL\rehl\metamod\include\../../../dep/FakeVGUI/Image.h(50): warning C4275: non dll-interface class 'vgui::Image' used as base for dll-interface class 'vgui::Bitmap'
  D:\HL Workspace\ReHL\rehl\metamod\include\../../../dep/FakeVGUI/Image.h(15): note: see declaration of 'vgui::Image'
  D:\HL Workspace\ReHL\rehl\metamod\include\../../../dep/FakeVGUI/Image.h(49): note: see declaration of 'vgui::Bitmap'
  event_api.cpp
  filesystem.cpp
  filesystem_internal.cpp
  Compiling...
  FontAmalgma.cpp
  FontManager.cpp
  FontTextureCache.cpp
  gl_draw.cpp
..\engine\gl_draw.cpp(976): warning C4554: '&': check operator precedence for possible error; use parentheses to clarify precedence
  gl_hud.cpp
  gl_main.cpp
  gl_rmisc.cpp
  gl_rsuf.cpp
  gl_screen.cpp
  gl_vidnt.cpp
  gl_warp.cpp
  hashpak.cpp
  hooker.cpp
..\engine\hooker.cpp(107): warning C4101: 'failed': unreferenced local variable
  ..\engine\hooker.cpp(10): note: see reference to function template instantiation 'void DirectHook<int32(__cdecl *)(void)>(uintptr_t,T)' being compiled
          with
          [
              T=int32 (__cdecl *)(void)
          ]
  host.cpp
  host_cmd.cpp
  info.cpp
  ipratelimit.cpp
  KeyCode.cpp
  keys.cpp
..\engine\keys.cpp(735): warning C4551: function call missing argument list
  KeyValues.cpp
  Compiling...
  LinuxFont.cpp
..\engine\LinuxFont.cpp(54): warning C4996: 'GetVersionExA': was declared deprecated
  C:\Program Files (x86)\Windows Kits\10\Include\10.0.19041.0\um\sysinfoapi.h(414): note: see declaration of 'GetVersionExA'
..\engine\LinuxFont.cpp(148): warning C4800: 'BYTE': forcing value to bool 'true' or 'false' (performance warning)
..\engine\LinuxFont.cpp(209): warning C4554: '&': check operator precedence for possible error; use parentheses to clarify precedence
  l_studio.cpp
..\engine\l_studio.cpp(92): warning C4101: 'pindata': unreferenced local variable
..\engine\l_studio.cpp(94): warning C4101: 'size': unreferenced local variable
..\engine\l_studio.cpp(91): warning C4101: 'poutdata': unreferenced local variable
  mathlib.cpp
  mathlib_sse.cpp
  md5.cpp
  mem.cpp
  MixerControls.cpp
  model.cpp
..\engine\model.cpp(1809): warning C4101: 'ppixout': unreferenced local variable
..\engine\model.cpp(1810): warning C4101: 'ppixin': unreferenced local variable
..\engine\model.cpp(1912): warning C4101: 'i': unreferenced local variable
  module.cpp
  net_chan.cpp
  net_ws.cpp
  pmove.cpp
  pmovetst.cpp
  pr_cmds.cpp
  pr_edict.cpp
  public_amalgamation.cpp
  r_efx.cpp
  r_part.cpp
  r_studio.cpp
  r_triangle.cpp
  Compiling...
  Sequence.cpp
..\engine\Sequence.cpp(48): warning C4800: 'qboolean': forcing value to bool 'true' or 'false' (performance warning)
  snd_mix.cpp
  snd_null.cpp
..\engine\snd_null.cpp(33): warning C4101: 'fmt': unreferenced local variable
  sse_mathfun.cpp
  sv_log.cpp
  sv_main.cpp
  sv_move.cpp
  sv_phys.cpp
  sv_pmove.cpp
  sv_remoteaccess.cpp
  sv_steam3.cpp
  sv_upld.cpp
  sv_user.cpp
  SystemWrapper.cpp
  sys_dll.cpp
  sys_dll2.cpp
  sys_engine.cpp
..\engine\sys_engine.cpp(105): warning C4067: unexpected tokens following preprocessor directive - expected a newline
  sys_getmodes.cpp
  sys_linuxwind.cpp
  textures.cpp
  Compiling...
  thread.cpp
  tmessage.cpp
  ToolTip.cpp
  traceinit.cpp
  unicode_strtools.cpp
  vgui_init.cpp
  vid_null.cpp
  view.cpp
..\engine\view.cpp(389): warning C4800: 'int': forcing value to bool 'true' or 'false' (performance warning)
  voice.cpp
..\engine\voice.cpp(77): warning C4800: 'ISteamUser *': forcing value to bool 'true' or 'false' (performance warning)
  wad.cpp
  world.cpp
  zone.cpp
  qgl.cpp
  registry.cpp
  steamid.cpp
  dbg.cpp
  utlbuffer.cpp
  utlsymbol.cpp
  FlightRecorderImpl.cpp
  flight_recorder.cpp
  Compiling...
  main.cpp
  rehlds_api_impl.cpp
  rehlds_interfaces_impl.cpp
..\rehlds\rehlds_interfaces_impl.cpp(142): warning C4800: 'qboolean': forcing value to bool 'true' or 'false' (performance warning)
..\rehlds\rehlds_interfaces_impl.cpp(152): warning C4800: 'qboolean': forcing value to bool 'true' or 'false' (performance warning)
  hookchains_impl.cpp
  platform.cpp
  RehldsRuntimeConfig.cpp
  rehlds_security.cpp
  structSizeCheck.cpp
  text_draw.cpp
  anonymizer.cpp
  funccalls.cpp
  memory.cpp
  player.cpp
  recorder.cpp
  testsuite.cpp
  EditablePanel.cpp
  FocusNavGroup.cpp
  Panel.cpp
D:\HL Workspace\ReHL\rehl\engine\MemoryPool.h(32): warning C4018: '<': signed/unsigned mismatch
D:\HL Workspace\ReHL\rehl\engine\MemoryPool.h(80): warning C4804: '<=': unsafe use of type 'bool' in operation
..\vgui2\Panel.cpp(1532): warning C4800: 'int': forcing value to bool 'true' or 'false' (performance warning)
  VGui_Controls.cpp
  BuildGroup.cpp
  Compiling...
  studio_api.cpp
     Creating library ..\..\..\HL 8084\hw.lib and object ..\..\..\HL 8084\hw.exp
  Generating code
d:\hl workspace\rehl\rehl\engine\linuxfont.cpp(220): warning C4715: 'CLinuxFont::Create': not all control paths return a value
  All 9731 functions were compiled because no usable IPDB/IOBJ from previous compilation was found.
  Finished generating code
  ReHLDS.vcxproj -> D:\HL Workspace\ReHL\rehl\msvc\..\..\..\HL 8084\hw.dll
  ReHLDS.vcxproj -> ..\..\..\HL 8084\hw.pdb (Full PDB)
  Force build to run Pre-Build event
  Empty Action
  	No deployment path specified. Create PublishPath_swds.txt near PostBuild_swds.bat with paths on separate lines for auto deployment.
