d:\hl workspace\rehl\rehl\msvc\debug\hw.pch
d:\hl workspace\rehl\rehl\msvc\debug\vc140.pdb
d:\hl workspace\rehl\rehl\msvc\debug\vc140.idb
d:\hl workspace\rehl\rehl\msvc\debug\precompiled.obj
d:\hl workspace\rehl\rehl\msvc\debug\rehlds_api_impl.obj
d:\hl workspace\rehl\rehl\msvc\debug\rehlds_interfaces_impl.obj
d:\hl workspace\rehl\rehl\msvc\debug\hookchains_impl.obj
d:\hl workspace\rehl\rehl\msvc\debug\platform.obj
d:\hl workspace\rehl\rehl\msvc\debug\rehldsruntimeconfig.obj
d:\hl workspace\rehl\rehl\msvc\debug\rehlds_security.obj
d:\hl workspace\rehl\rehl\msvc\debug\structsizecheck.obj
d:\hl workspace\rehl\rehl\msvc\debug\text_draw.obj
d:\hl workspace\rehl\rehl\msvc\debug\anonymizer.obj
d:\hl workspace\rehl\rehl\msvc\debug\funccalls.obj
d:\hl workspace\rehl\rehl\msvc\debug\memory.obj
d:\hl workspace\rehl\rehl\msvc\debug\player.obj
d:\hl workspace\rehl\rehl\msvc\debug\recorder.obj
d:\hl workspace\rehl\rehl\msvc\debug\testsuite.obj
d:\hl workspace\rehl\rehl\msvc\debug\focusnavgroup.obj
d:\hl workspace\rehl\rehl\msvc\debug\studio_api.obj
d:\hl workspace\rehl\rehl\msvc\debug\tmessage.obj
d:\hl workspace\rehl\rehl\msvc\debug\tooltip.obj
d:\hl workspace\rehl\rehl\msvc\debug\traceinit.obj
d:\hl workspace\rehl\rehl\msvc\debug\unicode_strtools.obj
d:\hl workspace\rehl\rehl\msvc\debug\vid_null.obj
d:\hl workspace\rehl\rehl\msvc\debug\view.obj
d:\hl workspace\rehl\rehl\msvc\debug\voice.obj
d:\hl workspace\rehl\rehl\msvc\debug\wad.obj
d:\hl workspace\rehl\rehl\msvc\debug\world.obj
d:\hl workspace\rehl\rehl\msvc\debug\zone.obj
d:\hl workspace\rehl\rehl\msvc\debug\qgl.obj
d:\hl workspace\rehl\rehl\msvc\debug\registry.obj
d:\hl workspace\rehl\rehl\msvc\debug\steamid.obj
d:\hl workspace\rehl\rehl\msvc\debug\dbg.obj
d:\hl workspace\rehl\rehl\msvc\debug\utlbuffer.obj
d:\hl workspace\rehl\rehl\msvc\debug\utlsymbol.obj
d:\hl workspace\rehl\rehl\msvc\debug\flightrecorderimpl.obj
d:\hl workspace\rehl\rehl\msvc\debug\flight_recorder.obj
d:\hl workspace\rehl\rehl\msvc\debug\main.obj
d:\hl workspace\rehl\rehl\msvc\debug\snd_mix.obj
d:\hl workspace\rehl\rehl\msvc\debug\snd_null.obj
d:\hl workspace\rehl\rehl\msvc\debug\sse_mathfun.obj
d:\hl workspace\rehl\rehl\msvc\debug\sv_log.obj
d:\hl workspace\rehl\rehl\msvc\debug\sv_main.obj
d:\hl workspace\rehl\rehl\msvc\debug\sv_move.obj
d:\hl workspace\rehl\rehl\msvc\debug\sv_phys.obj
d:\hl workspace\rehl\rehl\msvc\debug\sv_pmove.obj
d:\hl workspace\rehl\rehl\msvc\debug\sv_remoteaccess.obj
d:\hl workspace\rehl\rehl\msvc\debug\sv_steam3.obj
d:\hl workspace\rehl\rehl\msvc\debug\sv_upld.obj
d:\hl workspace\rehl\rehl\msvc\debug\sv_user.obj
d:\hl workspace\rehl\rehl\msvc\debug\systemwrapper.obj
d:\hl workspace\rehl\rehl\msvc\debug\sys_dll.obj
d:\hl workspace\rehl\rehl\msvc\debug\sys_dll2.obj
d:\hl workspace\rehl\rehl\msvc\debug\sys_engine.obj
d:\hl workspace\rehl\rehl\msvc\debug\sys_getmodes.obj
d:\hl workspace\rehl\rehl\msvc\debug\sys_linuxwind.obj
d:\hl workspace\rehl\rehl\msvc\debug\textures.obj
d:\hl workspace\rehl\rehl\msvc\debug\thread.obj
d:\hl workspace\rehl\rehl\msvc\debug\l_studio.obj
d:\hl workspace\rehl\rehl\msvc\debug\mathlib.obj
d:\hl workspace\rehl\rehl\msvc\debug\mathlib_sse.obj
d:\hl workspace\rehl\rehl\msvc\debug\md5.obj
d:\hl workspace\rehl\rehl\msvc\debug\mem.obj
d:\hl workspace\rehl\rehl\msvc\debug\mixercontrols.obj
d:\hl workspace\rehl\rehl\msvc\debug\model.obj
d:\hl workspace\rehl\rehl\msvc\debug\module.obj
d:\hl workspace\rehl\rehl\msvc\debug\net_chan.obj
d:\hl workspace\rehl\rehl\msvc\debug\net_ws.obj
d:\hl workspace\rehl\rehl\msvc\debug\pmove.obj
d:\hl workspace\rehl\rehl\msvc\debug\pmovetst.obj
d:\hl workspace\rehl\rehl\msvc\debug\pr_cmds.obj
d:\hl workspace\rehl\rehl\msvc\debug\pr_edict.obj
d:\hl workspace\rehl\rehl\msvc\debug\public_amalgamation.obj
d:\hl workspace\rehl\rehl\msvc\debug\r_efx.obj
d:\hl workspace\rehl\rehl\msvc\debug\r_part.obj
d:\hl workspace\rehl\rehl\msvc\debug\r_studio.obj
d:\hl workspace\rehl\rehl\msvc\debug\r_triangle.obj
d:\hl workspace\rehl\rehl\msvc\debug\sequence.obj
d:\hl workspace\rehl\rehl\msvc\debug\fontmanager.obj
d:\hl workspace\rehl\rehl\msvc\debug\fonttexturecache.obj
d:\hl workspace\rehl\rehl\msvc\debug\gl_draw.obj
d:\hl workspace\rehl\rehl\msvc\debug\gl_hud.obj
d:\hl workspace\rehl\rehl\msvc\debug\gl_main.obj
d:\hl workspace\rehl\rehl\msvc\debug\gl_rmisc.obj
d:\hl workspace\rehl\rehl\msvc\debug\gl_rsuf.obj
d:\hl workspace\rehl\rehl\msvc\debug\gl_screen.obj
d:\hl workspace\rehl\rehl\msvc\debug\gl_vidnt.obj
d:\hl workspace\rehl\rehl\msvc\debug\gl_warp.obj
d:\hl workspace\rehl\rehl\msvc\debug\hashpak.obj
d:\hl workspace\rehl\rehl\msvc\debug\hooker.obj
d:\hl workspace\rehl\rehl\msvc\debug\host.obj
d:\hl workspace\rehl\rehl\msvc\debug\host_cmd.obj
d:\hl workspace\rehl\rehl\msvc\debug\info.obj
d:\hl workspace\rehl\rehl\msvc\debug\ipratelimit.obj
d:\hl workspace\rehl\rehl\msvc\debug\keys.obj
d:\hl workspace\rehl\rehl\msvc\debug\keyvalues.obj
d:\hl workspace\rehl\rehl\msvc\debug\linuxfont.obj
d:\hl workspace\rehl\rehl\msvc\debug\cl_tent.obj
d:\hl workspace\rehl\rehl\msvc\debug\cmd.obj
d:\hl workspace\rehl\rehl\msvc\debug\cmodel.obj
d:\hl workspace\rehl\rehl\msvc\debug\common.obj
d:\hl workspace\rehl\rehl\msvc\debug\com_custom.obj
d:\hl workspace\rehl\rehl\msvc\debug\console.obj
d:\hl workspace\rehl\rehl\msvc\debug\crc.obj
d:\hl workspace\rehl\rehl\msvc\debug\cvar.obj
d:\hl workspace\rehl\rehl\msvc\debug\decals.obj
d:\hl workspace\rehl\rehl\msvc\debug\delta.obj
d:\hl workspace\rehl\rehl\msvc\debug\delta_jit.obj
d:\hl workspace\rehl\rehl\msvc\debug\demoplayerwrapper.obj
d:\hl workspace\rehl\rehl\msvc\debug\detail_texture.obj
d:\hl workspace\rehl\rehl\msvc\debug\ed_strpool.obj
d:\hl workspace\rehl\rehl\msvc\debug\enginesurface.obj
d:\hl workspace\rehl\rehl\msvc\debug\event_api.obj
d:\hl workspace\rehl\rehl\msvc\debug\filesystem.obj
d:\hl workspace\rehl\rehl\msvc\debug\filesystem_internal.obj
d:\hl workspace\rehl\rehl\msvc\debug\fontamalgma.obj
d:\hl workspace\rehl\rehl\msvc\debug\net_api.obj
d:\hl workspace\rehl\rehl\msvc\debug\objectlist.obj
d:\hl workspace\rehl\rehl\msvc\debug\tokenline.obj
d:\hl workspace\rehl\rehl\msvc\debug\blob.obj
d:\hl workspace\rehl\rehl\msvc\debug\buildnum.obj
d:\hl workspace\rehl\rehl\msvc\debug\cd.obj
d:\hl workspace\rehl\rehl\msvc\debug\cdll_exp.obj
d:\hl workspace\rehl\rehl\msvc\debug\cdll_int.obj
d:\hl workspace\rehl\rehl\msvc\debug\chase.obj
d:\hl workspace\rehl\rehl\msvc\debug\cl_demo.obj
d:\hl workspace\rehl\rehl\msvc\debug\cl_draw.obj
d:\hl workspace\rehl\rehl\msvc\debug\cl_ents.obj
d:\hl workspace\rehl\rehl\msvc\debug\cl_main.obj
d:\hl workspace\rehl\rehl\msvc\debug\cl_null.obj
d:\hl workspace\rehl\rehl\msvc\debug\cl_parsefn.obj
d:\hl workspace\rehl\rehl\msvc\debug\cl_pmove.obj
d:\hl workspace\rehl\rehl\msvc\debug\cl_pred.obj
d:\hl workspace\rehl\rehl\msvc\debug\cl_spectator.obj
d:\hl workspace\rehl\rehl\msvc\debug\basesystemmodule.obj
d:\hl workspace\rehl\rehl\msvc\debug\baseuisurface.obj
d:\hl workspace\rehl\rehl\msvc\debug\keycode.obj
d:\hl workspace\rehl\rehl\msvc\debug\vgui_controls.obj
d:\hl workspace\rehl\rehl\msvc\debug\buildgroup.obj
d:\hl workspace\rehl\rehl\msvc\debug\vgui_init.obj
d:\hl workspace\rehl\rehl\msvc\debug\baseui.obj
d:\hl workspace\rehl\rehl\msvc\debug\enginesurfacewrap.obj
d:\hl workspace\rehl\rehl\msvc\debug\editablepanel.obj
d:\hl workspace\rehl\rehl\msvc\debug\panel.obj
d:\hl workspace\rehl\rehl\msvc\build.always.run
d:\hl workspace\hl 8084\hw.ilk
d:\hl workspace\hl 8084\hw.dll
d:\hl workspace\hl 8084\hw.pdb
d:\hl workspace\half life build 8648\hw.lib
d:\hl workspace\half life build 8648\hw.exp
d:\half life 8648\hw.lib
d:\half life 8648\hw.exp
d:\hl workspace\hl 8084\hw.lib
d:\hl workspace\hl 8084\hw.exp
d:\hl workspace\rehl.old\rehl\msvc\build.always.run
d:\hl workspace\rehl\rehl\msvc\debug\rehlds.vcxproj.assemblyreference.cache
d:\hl workspace\rehl\rehl\msvc\debug\rehlds.vcxprojresolveassemblyreference.cache
d:\hl workspace\rehl\rehl\msvc\debug\baseui.obj.enc
d:\hl workspace\rehl\rehl\msvc\debug\cdll_int.obj.enc
d:\hl workspace\rehl\rehl\msvc\debug\cl_draw.obj.enc
d:\hl workspace\rehl\rehl\msvc\debug\cl_main.obj.enc
d:\hl workspace\rehl\rehl\msvc\debug\cl_parsefn.obj.enc
d:\hl workspace\rehl\rehl\msvc\debug\cmd.obj.enc
d:\hl workspace\rehl\rehl\msvc\debug\common.obj.enc
d:\hl workspace\rehl\rehl\msvc\debug\console.obj.enc
d:\hl workspace\rehl\rehl\msvc\debug\detail_texture.obj.enc
d:\hl workspace\rehl\rehl\msvc\debug\editablepanel.obj.enc
d:\hl workspace\rehl\rehl\msvc\debug\enginesurfacewrap.obj.enc
d:\hl workspace\rehl\rehl\msvc\debug\filesystem.obj.enc
d:\hl workspace\rehl\rehl\msvc\debug\fontmanager.obj.enc
d:\hl workspace\rehl\rehl\msvc\debug\funccalls.obj.enc
d:\hl workspace\rehl\rehl\msvc\debug\gl_draw.obj.enc
d:\hl workspace\rehl\rehl\msvc\debug\gl_rmisc.obj.enc
d:\hl workspace\rehl\rehl\msvc\debug\gl_screen.obj.enc
d:\hl workspace\rehl\rehl\msvc\debug\gl_vidnt.obj.enc
d:\hl workspace\rehl\rehl\msvc\debug\host.obj.enc
d:\hl workspace\rehl\rehl\msvc\debug\host_cmd.obj.enc
d:\hl workspace\rehl\rehl\msvc\debug\main.obj.enc
d:\hl workspace\rehl\rehl\msvc\debug\model.obj.enc
d:\hl workspace\rehl\rehl\msvc\debug\net_api.obj.enc
d:\hl workspace\rehl\rehl\msvc\debug\panel.obj.enc
d:\hl workspace\rehl\rehl\msvc\debug\precompiled.obj.enc
d:\hl workspace\rehl\rehl\msvc\debug\public_amalgamation.obj.enc
d:\hl workspace\rehl\rehl\msvc\debug\snd_mix.obj.enc
d:\hl workspace\rehl\rehl\msvc\debug\sys_dll2.obj.enc
d:\hl workspace\rehl\rehl\msvc\debug\sys_engine.obj.enc
d:\hl workspace\rehl\rehl\msvc\debug\sys_getmodes.obj.enc
d:\hl workspace\rehl\rehl\msvc\debug\sys_linuxwind.obj.enc
d:\hl workspace\rehl\rehl\msvc\debug\text_draw.obj.enc
d:\hl workspace\rehl\rehl\msvc\debug\tmessage.obj.enc
d:\hl workspace\rehl\rehl\msvc\debug\tooltip.obj.enc
d:\hl workspace\rehl\rehl\msvc\debug\vgui_controls.obj.enc
d:\hl workspace\rehl\rehl\msvc\debug\vgui_init.obj.enc
d:\hl workspace\rehl\rehl\msvc\debug\vid_null.obj.enc
d:\hl workspace\rehl\rehl\msvc\debug\view.obj.enc
d:\hl workspace\rehl\rehl\msvc\debug\wad.obj.enc
d:\hl workspace\rehl\rehl\msvc\..\..\..\hl 8084\hw.dll
d:\hl workspace\rehl\rehl\msvc\debug\rehl.tlog\cl.command.1.tlog
d:\hl workspace\rehl\rehl\msvc\debug\rehl.tlog\cl.read.1.tlog
d:\hl workspace\rehl\rehl\msvc\debug\rehl.tlog\cl.write.1.tlog
d:\hl workspace\rehl\rehl\msvc\debug\rehl.tlog\custombuildstep.read.1u.tlog
d:\hl workspace\rehl\rehl\msvc\debug\rehl.tlog\custombuildstep.write.1u.tlog
d:\hl workspace\rehl\rehl\msvc\debug\rehl.tlog\link.command.1.tlog
d:\hl workspace\rehl\rehl\msvc\debug\rehl.tlog\link.read.1.tlog
d:\hl workspace\rehl\rehl\msvc\debug\rehl.tlog\link.write.1.tlog
d:\hl workspace\rehl\rehl\msvc\debug\rehl.tlog\rehl.write.1u.tlog
